\BOOKMARK [1][-]{section.1}{Sequences and Series}{}% 1
\BOOKMARK [2][-]{subsection.1.1}{nth and 17th Terms}{section.1}% 2
\BOOKMARK [2][-]{subsection.1.2}{Sums to Terms and Infinity}{section.1}% 3
\BOOKMARK [3][-]{subsubsection.1.2.1}{nth Term}{subsection.1.2}% 4
\BOOKMARK [3][-]{subsubsection.1.2.2}{10th Term}{subsection.1.2}% 5
\BOOKMARK [3][-]{subsubsection.1.2.3}{Sum to 5th Term}{subsection.1.2}% 6
\BOOKMARK [3][-]{subsubsection.1.2.4}{Sum to Infinity}{subsection.1.2}% 7
\BOOKMARK [2][-]{subsection.1.3}{Equations}{section.1}% 8
\BOOKMARK [2][-]{subsection.1.4}{Balls in Bags}{section.1}% 9
\BOOKMARK [3][-]{subsubsection.1.4.1}{What is the probability that a yellow ball is selected?}{subsection.1.4}% 10
\BOOKMARK [3][-]{subsubsection.1.4.2}{What is the probability 2 yellow balls are selected consecutively?}{subsection.1.4}% 11
\BOOKMARK [3][-]{subsubsection.1.4.3}{Draw a probability tree and use it to find the probability that a yellow ball is selected 4 times in a row.}{subsection.1.4}% 12
\BOOKMARK [2][-]{subsection.1.5}{Venn Diagrams}{section.1}% 13
\BOOKMARK [3][-]{subsubsection.1.5.1}{The Diagram}{subsection.1.5}% 14
\BOOKMARK [3][-]{subsubsection.1.5.2}{Probability: Computer Science but not Mathematics}{subsection.1.5}% 15
\BOOKMARK [3][-]{subsubsection.1.5.3}{Probability: Engineering with or without other subjects}{subsection.1.5}% 16
\BOOKMARK [2][-]{subsection.1.6}{Betting Game}{section.1}% 17
\BOOKMARK [3][-]{subsubsection.1.6.1}{Draw a probability space diagram for this game.}{subsection.1.6}% 18
\BOOKMARK [3][-]{subsubsection.1.6.2}{What is the most likely total score\(s\) from both dice?}{subsection.1.6}% 19
\BOOKMARK [3][-]{subsubsection.1.6.3}{What is the least likely score\(s\) and why?}{subsection.1.6}% 20
\BOOKMARK [1][-]{section.2}{Number Systems}{}% 21
\BOOKMARK [2][-]{subsection.2.1}{Tables}{section.2}% 22
\BOOKMARK [1][-]{section.3}{Number System Calculations}{}% 23
\BOOKMARK [2][-]{subsection.3.1}{Hexadecimal Calculations}{section.3}% 24
\BOOKMARK [3][-]{subsubsection.3.1.1}{Hexadecimal Addition}{subsection.3.1}% 25
\BOOKMARK [3][-]{subsubsection.3.1.2}{Hexadecimal Multiplication}{subsection.3.1}% 26
\BOOKMARK [3][-]{subsubsection.3.1.3}{Hexadecimal Subtraction}{subsection.3.1}% 27
\BOOKMARK [2][-]{subsection.3.2}{Octal Calculations}{section.3}% 28
\BOOKMARK [3][-]{subsubsection.3.2.1}{Octal Addition}{subsection.3.2}% 29
\BOOKMARK [3][-]{subsubsection.3.2.2}{Octal Subtraction}{subsection.3.2}% 30
\BOOKMARK [2][-]{subsection.3.3}{Binary Calculations}{section.3}% 31
\BOOKMARK [3][-]{subsubsection.3.3.1}{Binary Addition}{subsection.3.3}% 32
\BOOKMARK [3][-]{subsubsection.3.3.2}{Binary Multiplication}{subsection.3.3}% 33
\BOOKMARK [2][-]{subsection.3.4}{Additional Equations}{section.3}% 34
\BOOKMARK [3][-]{subsubsection.3.4.1}{Hexadecimal Addition}{subsection.3.4}% 35
\BOOKMARK [3][-]{subsubsection.3.4.2}{Binary Subtraction}{subsection.3.4}% 36
\BOOKMARK [1][-]{section.4}{Data Task}{}% 37
\BOOKMARK [2][-]{subsection.4.1}{Data}{section.4}% 38
\BOOKMARK [3][-]{subsubsection.4.1.1}{Hypothesis and Source Validity}{subsection.4.1}% 39
\BOOKMARK [3][-]{subsubsection.4.1.2}{Data Set}{subsection.4.1}% 40
\BOOKMARK [3][-]{subsubsection.4.1.3}{Frequency Diagram}{subsection.4.1}% 41
\BOOKMARK [3][-]{subsubsection.4.1.4}{Mean, Median and Mode}{subsection.4.1}% 42
\BOOKMARK [3][-]{subsubsection.4.1.5}{Box Plot}{subsection.4.1}% 43
\BOOKMARK [3][-]{subsubsection.4.1.6}{Conclusion}{subsection.4.1}% 44
\BOOKMARK [1][-]{section.5}{Recursion}{}% 45
\BOOKMARK [1][-]{section.6}{Number Systems}{}% 46
\BOOKMARK [2][-]{subsection.6.1}{Binary}{section.6}% 47
\BOOKMARK [2][-]{subsection.6.2}{Hexadecimal}{section.6}% 48
\BOOKMARK [2][-]{subsection.6.3}{Octal}{section.6}% 49
\BOOKMARK [1][-]{section.7}{Network Planning}{}% 50
\BOOKMARK [2][-]{subsection.7.1}{Different Amounts of Hosts}{section.7}% 51
\BOOKMARK [3][-]{subsubsection.7.1.1}{1,000 Hosts}{subsection.7.1}% 52
\BOOKMARK [3][-]{subsubsection.7.1.2}{200 Hosts}{subsection.7.1}% 53
\BOOKMARK [3][-]{subsubsection.7.1.3}{30 Hosts}{subsection.7.1}% 54
\BOOKMARK [2][-]{subsection.7.2}{IPv4 \046 IPv6}{section.7}% 55
\BOOKMARK [2][-]{subsection.7.3}{Classes of Networks}{section.7}% 56
\BOOKMARK [2][-]{subsection.7.4}{Classless Inter-Domain Routing \(CIDR\)}{section.7}% 57
